{"C:\\Users\\Dominik\\Desktop\\AsnetDyplomowka\\actions\\getOrderById.ts": {"path":"C:\\Users\\Dominik\\Desktop\\AsnetDyplomowka\\actions\\getOrderById.ts","statementMap":{"0":{"start":{"line":7,"column":0},"end":{"line":7,"column":30}},"1":{"start":{"line":1,"column":0},"end":{"line":1,"column":37}},"2":{"start":{"line":8,"column":2},"end":{"line":21,"column":3}},"3":{"start":{"line":9,"column":24},"end":{"line":9,"column":30}},"4":{"start":{"line":11,"column":18},"end":{"line":15,"column":6}},"5":{"start":{"line":17,"column":4},"end":{"line":17,"column":28}},"6":{"start":{"line":17,"column":16},"end":{"line":17,"column":28}},"7":{"start":{"line":18,"column":4},"end":{"line":18,"column":17}},"8":{"start":{"line":20,"column":4},"end":{"line":20,"column":27}}},"fnMap":{"0":{"name":"getOrderById","decl":{"start":{"line":7,"column":30},"end":{"line":7,"column":42}},"loc":{"start":{"line":7,"column":58},"end":{"line":22,"column":null}}}},"branchMap":{"0":{"loc":{"start":{"line":17,"column":4},"end":{"line":17,"column":28}},"type":"if","locations":[{"start":{"line":17,"column":4},"end":{"line":17,"column":28}}]}},"s":{"0":1,"1":1,"2":1,"3":1,"4":1,"5":1,"6":0,"7":1,"8":0},"f":{"0":1},"b":{"0":[0]}}
,"C:\\Users\\Dominik\\Desktop\\AsnetDyplomowka\\actions\\getOrders.ts": {"path":"C:\\Users\\Dominik\\Desktop\\AsnetDyplomowka\\actions\\getOrders.ts","statementMap":{"0":{"start":{"line":3,"column":0},"end":{"line":3,"column":30}},"1":{"start":{"line":1,"column":0},"end":{"line":1,"column":37}},"2":{"start":{"line":4,"column":2},"end":{"line":17,"column":3}},"3":{"start":{"line":5,"column":19},"end":{"line":12,"column":6}},"4":{"start":{"line":14,"column":4},"end":{"line":14,"column":18}},"5":{"start":{"line":16,"column":4},"end":{"line":16,"column":27}}},"fnMap":{"0":{"name":"getOrders","decl":{"start":{"line":3,"column":30},"end":{"line":3,"column":39}},"loc":{"start":{"line":3,"column":39},"end":{"line":18,"column":null}}}},"branchMap":{},"s":{"0":1,"1":1,"2":1,"3":1,"4":1,"5":0},"f":{"0":1},"b":{}}
,"C:\\Users\\Dominik\\Desktop\\AsnetDyplomowka\\actions\\getOrdersByUserId.tsx": {"path":"C:\\Users\\Dominik\\Desktop\\AsnetDyplomowka\\actions\\getOrdersByUserId.tsx","statementMap":{"0":{"start":{"line":3,"column":0},"end":{"line":3,"column":30}},"1":{"start":{"line":1,"column":0},"end":{"line":1,"column":37}},"2":{"start":{"line":4,"column":2},"end":{"line":20,"column":3}},"3":{"start":{"line":5,"column":19},"end":{"line":15,"column":6}},"4":{"start":{"line":17,"column":4},"end":{"line":17,"column":18}},"5":{"start":{"line":19,"column":4},"end":{"line":19,"column":27}}},"fnMap":{"0":{"name":"getOrdersByUserId","decl":{"start":{"line":3,"column":30},"end":{"line":3,"column":47}},"loc":{"start":{"line":3,"column":62},"end":{"line":21,"column":null}}}},"branchMap":{},"s":{"0":1,"1":1,"2":1,"3":1,"4":1,"5":0},"f":{"0":1},"b":{}}
,"C:\\Users\\Dominik\\Desktop\\AsnetDyplomowka\\actions\\getProductById.ts": {"path":"C:\\Users\\Dominik\\Desktop\\AsnetDyplomowka\\actions\\getProductById.ts","statementMap":{"0":{"start":{"line":7,"column":0},"end":{"line":7,"column":30}},"1":{"start":{"line":1,"column":0},"end":{"line":1,"column":37}},"2":{"start":{"line":8,"column":2},"end":{"line":22,"column":3}},"3":{"start":{"line":9,"column":26},"end":{"line":9,"column":32}},"4":{"start":{"line":10,"column":20},"end":{"line":14,"column":6}},"5":{"start":{"line":16,"column":4},"end":{"line":18,"column":5}},"6":{"start":{"line":17,"column":6},"end":{"line":17,"column":18}},"7":{"start":{"line":19,"column":4},"end":{"line":19,"column":19}},"8":{"start":{"line":21,"column":4},"end":{"line":21,"column":27}}},"fnMap":{"0":{"name":"getProductById","decl":{"start":{"line":7,"column":30},"end":{"line":7,"column":44}},"loc":{"start":{"line":7,"column":60},"end":{"line":23,"column":null}}}},"branchMap":{"0":{"loc":{"start":{"line":16,"column":4},"end":{"line":18,"column":5}},"type":"if","locations":[{"start":{"line":16,"column":4},"end":{"line":18,"column":5}}]}},"s":{"0":1,"1":1,"2":1,"3":1,"4":1,"5":1,"6":0,"7":1,"8":0},"f":{"0":1},"b":{"0":[0]}}
,"C:\\Users\\Dominik\\Desktop\\AsnetDyplomowka\\actions\\getProducts.ts": {"path":"C:\\Users\\Dominik\\Desktop\\AsnetDyplomowka\\actions\\getProducts.ts","statementMap":{"0":{"start":{"line":8,"column":0},"end":{"line":8,"column":30}},"1":{"start":{"line":1,"column":0},"end":{"line":1,"column":37}},"2":{"start":{"line":9,"column":2},"end":{"line":44,"column":3}},"3":{"start":{"line":10,"column":37},"end":{"line":10,"column":43}},"4":{"start":{"line":11,"column":23},"end":{"line":11,"column":33}},"5":{"start":{"line":13,"column":4},"end":{"line":15,"column":5}},"6":{"start":{"line":14,"column":6},"end":{"line":14,"column":24}},"7":{"start":{"line":17,"column":21},"end":{"line":17,"column":23}},"8":{"start":{"line":19,"column":4},"end":{"line":21,"column":5}},"9":{"start":{"line":20,"column":6},"end":{"line":20,"column":32}},"10":{"start":{"line":23,"column":21},"end":{"line":39,"column":6}},"11":{"start":{"line":41,"column":4},"end":{"line":41,"column":20}},"12":{"start":{"line":43,"column":4},"end":{"line":43,"column":27}}},"fnMap":{"0":{"name":"getProducts","decl":{"start":{"line":8,"column":30},"end":{"line":8,"column":41}},"loc":{"start":{"line":8,"column":64},"end":{"line":45,"column":null}}}},"branchMap":{"0":{"loc":{"start":{"line":13,"column":4},"end":{"line":15,"column":5}},"type":"if","locations":[{"start":{"line":13,"column":4},"end":{"line":15,"column":5}}]},"1":{"loc":{"start":{"line":19,"column":4},"end":{"line":21,"column":5}},"type":"if","locations":[{"start":{"line":19,"column":4},"end":{"line":21,"column":5}}]}},"s":{"0":1,"1":1,"2":1,"3":1,"4":1,"5":1,"6":0,"7":1,"8":1,"9":1,"10":1,"11":1,"12":0},"f":{"0":1},"b":{"0":[0],"1":[1]}}
,"C:\\Users\\Dominik\\Desktop\\AsnetDyplomowka\\app\\api\\product\\route.ts": {"path":"C:\\Users\\Dominik\\Desktop\\AsnetDyplomowka\\app\\api\\product\\route.ts","statementMap":{"0":{"start":{"line":5,"column":0},"end":{"line":5,"column":22}},"1":{"start":{"line":60,"column":0},"end":{"line":60,"column":22}},"2":{"start":{"line":1,"column":0},"end":{"line":1,"column":37}},"3":{"start":{"line":2,"column":0},"end":{"line":2,"column":43}},"4":{"start":{"line":3,"column":0},"end":{"line":3,"column":54}},"5":{"start":{"line":6,"column":22},"end":{"line":6,"column":44}},"6":{"start":{"line":8,"column":2},"end":{"line":10,"column":3}},"7":{"start":{"line":9,"column":4},"end":{"line":9,"column":75}},"8":{"start":{"line":12,"column":2},"end":{"line":14,"column":3}},"9":{"start":{"line":13,"column":4},"end":{"line":13,"column":72}},"10":{"start":{"line":15,"column":15},"end":{"line":15,"column":35}},"11":{"start":{"line":34,"column":6},"end":{"line":34,"column":10}},"12":{"start":{"line":36,"column":18},"end":{"line":56,"column":4}},"13":{"start":{"line":57,"column":2},"end":{"line":57,"column":36}},"14":{"start":{"line":61,"column":22},"end":{"line":61,"column":44}},"15":{"start":{"line":63,"column":2},"end":{"line":65,"column":3}},"16":{"start":{"line":64,"column":4},"end":{"line":64,"column":32}},"17":{"start":{"line":67,"column":15},"end":{"line":67,"column":35}},"18":{"start":{"line":68,"column":26},"end":{"line":68,"column":30}},"19":{"start":{"line":69,"column":18},"end":{"line":74,"column":4}},"20":{"start":{"line":75,"column":2},"end":{"line":75,"column":53}}},"fnMap":{"0":{"name":"POST","decl":{"start":{"line":5,"column":22},"end":{"line":5,"column":26}},"loc":{"start":{"line":5,"column":43},"end":{"line":58,"column":null}}},"1":{"name":"PUT","decl":{"start":{"line":60,"column":22},"end":{"line":60,"column":25}},"loc":{"start":{"line":60,"column":42},"end":{"line":76,"column":null}}}},"branchMap":{"0":{"loc":{"start":{"line":8,"column":2},"end":{"line":10,"column":3}},"type":"if","locations":[{"start":{"line":8,"column":2},"end":{"line":10,"column":3}}]},"1":{"loc":{"start":{"line":12,"column":2},"end":{"line":14,"column":3}},"type":"if","locations":[{"start":{"line":12,"column":2},"end":{"line":14,"column":3}}]},"2":{"loc":{"start":{"line":63,"column":2},"end":{"line":65,"column":3}},"type":"if","locations":[{"start":{"line":63,"column":2},"end":{"line":65,"column":3}}]},"3":{"loc":{"start":{"line":63,"column":6},"end":{"line":63,"column":50}},"type":"binary-expr","locations":[{"start":{"line":63,"column":6},"end":{"line":63,"column":18}},{"start":{"line":63,"column":22},"end":{"line":63,"column":50}}]}},"s":{"0":1,"1":1,"2":1,"3":1,"4":1,"5":2,"6":2,"7":0,"8":2,"9":1,"10":1,"11":1,"12":1,"13":1,"14":0,"15":0,"16":0,"17":0,"18":0,"19":0,"20":0},"f":{"0":2,"1":0},"b":{"0":[0],"1":[1],"2":[0],"3":[0,0]}}
,"C:\\Users\\Dominik\\Desktop\\AsnetDyplomowka\\app\\api\\product\\[id]\\route.ts": {"path":"C:\\Users\\Dominik\\Desktop\\AsnetDyplomowka\\app\\api\\product\\[id]\\route.ts","statementMap":{"0":{"start":{"line":7,"column":0},"end":{"line":7,"column":22}},"1":{"start":{"line":1,"column":0},"end":{"line":1,"column":54}},"2":{"start":{"line":2,"column":0},"end":{"line":2,"column":43}},"3":{"start":{"line":3,"column":0},"end":{"line":3,"column":46}},"4":{"start":{"line":5,"column":15},"end":{"line":5,"column":33}},"5":{"start":{"line":8,"column":2},"end":{"line":36,"column":null}},"6":{"start":{"line":11,"column":22},"end":{"line":11,"column":44}},"7":{"start":{"line":13,"column":2},"end":{"line":15,"column":3}},"8":{"start":{"line":14,"column":4},"end":{"line":14,"column":75}},"9":{"start":{"line":17,"column":2},"end":{"line":19,"column":3}},"10":{"start":{"line":18,"column":4},"end":{"line":18,"column":72}},"11":{"start":{"line":21,"column":2},"end":{"line":35,"column":3}},"12":{"start":{"line":22,"column":20},"end":{"line":24,"column":6}},"13":{"start":{"line":26,"column":4},"end":{"line":26,"column":55}},"14":{"start":{"line":28,"column":4},"end":{"line":28,"column":59}},"15":{"start":{"line":29,"column":4},"end":{"line":32,"column":6}},"16":{"start":{"line":34,"column":4},"end":{"line":34,"column":31}}},"fnMap":{"0":{"name":"DELETE","decl":{"start":{"line":7,"column":22},"end":{"line":7,"column":28}},"loc":{"start":{"line":7,"column":28},"end":{"line":36,"column":null}}},"1":{"name":"(anonymous_9)","decl":{"start":{"line":8,"column":2},"end":{"line":8,"column":18}},"loc":{"start":{"line":9,"column":40},"end":{"line":36,"column":1}}}},"branchMap":{"0":{"loc":{"start":{"line":13,"column":2},"end":{"line":15,"column":3}},"type":"if","locations":[{"start":{"line":13,"column":2},"end":{"line":15,"column":3}}]},"1":{"loc":{"start":{"line":17,"column":2},"end":{"line":19,"column":3}},"type":"if","locations":[{"start":{"line":17,"column":2},"end":{"line":19,"column":3}}]}},"s":{"0":1,"1":1,"2":1,"3":1,"4":1,"5":3,"6":3,"7":3,"8":1,"9":2,"10":1,"11":1,"12":1,"13":1,"14":0,"15":0,"16":1},"f":{"0":3,"1":3},"b":{"0":[1],"1":[1]}}
,"C:\\Users\\Dominik\\Desktop\\AsnetDyplomowka\\app\\api\\register\\route.ts": {"path":"C:\\Users\\Dominik\\Desktop\\AsnetDyplomowka\\app\\api\\register\\route.ts","statementMap":{"0":{"start":{"line":5,"column":0},"end":{"line":5,"column":22}},"1":{"start":{"line":1,"column":0},"end":{"line":1,"column":28}},"2":{"start":{"line":2,"column":0},"end":{"line":2,"column":37}},"3":{"start":{"line":3,"column":0},"end":{"line":3,"column":43}},"4":{"start":{"line":6,"column":15},"end":{"line":6,"column":35}},"5":{"start":{"line":7,"column":58},"end":{"line":7,"column":62}},"6":{"start":{"line":9,"column":25},"end":{"line":9,"column":56}},"7":{"start":{"line":11,"column":15},"end":{"line":18,"column":4}},"8":{"start":{"line":19,"column":2},"end":{"line":19,"column":33}}},"fnMap":{"0":{"name":"POST","decl":{"start":{"line":5,"column":22},"end":{"line":5,"column":26}},"loc":{"start":{"line":5,"column":43},"end":{"line":20,"column":null}}}},"branchMap":{},"s":{"0":1,"1":1,"2":1,"3":1,"4":1,"5":1,"6":1,"7":1,"8":1},"f":{"0":1},"b":{}}
}
