TN:
SF:actions\getOrderById.ts
FN:7,getOrderById
FNF:1
FNH:1
FNDA:1,getOrderById
DA:1,1
DA:7,1
DA:8,1
DA:9,1
DA:11,1
DA:17,1
DA:18,1
DA:20,0
LF:8
LH:7
BRDA:17,0,0,0
BRF:1
BRH:0
end_of_record
TN:
SF:actions\getOrders.ts
FN:3,getOrders
FNF:1
FNH:1
FNDA:1,getOrders
DA:1,1
DA:3,1
DA:4,1
DA:5,1
DA:14,1
DA:16,0
LF:6
LH:5
BRF:0
BRH:0
end_of_record
TN:
SF:actions\getOrdersByUserId.tsx
FN:3,getOrdersByUserId
FNF:1
FNH:1
FNDA:1,getOrdersByUserId
DA:1,1
DA:3,1
DA:4,1
DA:5,1
DA:17,1
DA:19,0
LF:6
LH:5
BRF:0
BRH:0
end_of_record
TN:
SF:actions\getProductById.ts
FN:7,getProductById
FNF:1
FNH:1
FNDA:1,getProductById
DA:1,1
DA:7,1
DA:8,1
DA:9,1
DA:10,1
DA:16,1
DA:17,0
DA:19,1
DA:21,0
LF:9
LH:7
BRDA:16,0,0,0
BRF:1
BRH:0
end_of_record
TN:
SF:actions\getProducts.ts
FN:8,getProducts
FNF:1
FNH:1
FNDA:1,getProducts
DA:1,1
DA:8,1
DA:9,1
DA:10,1
DA:11,1
DA:13,1
DA:14,0
DA:17,1
DA:19,1
DA:20,1
DA:23,1
DA:41,1
DA:43,0
LF:13
LH:11
BRDA:13,0,0,0
BRDA:19,1,0,1
BRF:2
BRH:1
end_of_record
TN:
SF:app\api\product\route.ts
FN:5,POST
FN:60,PUT
FNF:2
FNH:1
FNDA:2,POST
FNDA:0,PUT
DA:1,1
DA:2,1
DA:3,1
DA:5,1
DA:6,2
DA:8,2
DA:9,0
DA:12,2
DA:13,1
DA:15,1
DA:34,1
DA:36,1
DA:57,1
DA:60,1
DA:61,0
DA:63,0
DA:64,0
DA:67,0
DA:68,0
DA:69,0
DA:75,0
LF:21
LH:13
BRDA:8,0,0,0
BRDA:12,1,0,1
BRDA:63,2,0,0
BRDA:63,3,0,0
BRDA:63,3,1,0
BRF:5
BRH:1
end_of_record
TN:
SF:app\api\product\[id]\route.ts
FN:7,DELETE
FN:8,(anonymous_9)
FNF:2
FNH:2
FNDA:3,DELETE
FNDA:3,(anonymous_9)
DA:1,1
DA:2,1
DA:3,1
DA:5,1
DA:7,1
DA:8,3
DA:11,3
DA:13,3
DA:14,1
DA:17,2
DA:18,1
DA:21,1
DA:22,1
DA:26,1
DA:28,0
DA:29,0
DA:34,1
LF:17
LH:15
BRDA:13,0,0,1
BRDA:17,1,0,1
BRF:2
BRH:2
end_of_record
TN:
SF:app\api\register\route.ts
FN:5,POST
FNF:1
FNH:1
FNDA:1,POST
DA:1,1
DA:2,1
DA:3,1
DA:5,1
DA:6,1
DA:7,1
DA:9,1
DA:11,1
DA:19,1
LF:9
LH:9
BRF:0
BRH:0
end_of_record
